<?xml version="1.0" encoding="UTF-8"?>
<testsuite name="xstream-fastconverter" failures="1" tests="1" time="0.293" errors="0">
  <properties/>
  <testcase name="testPerson" time="0.234" classname="si.ptb.fastconverter.XStest">
    <failure type="com.thoughtworks.xstream.converters.ConversionException" message="Can not set int field si.ptb.fastconverter.XStest$Person.number to java.lang.String
---- Debugging information ----
message             : Can not set int field si.ptb.fastconverter.XStest$Person.number to java.lang.String
cause-exception     : java.lang.IllegalArgumentException
cause-message       : Can not set int field si.ptb.fastconverter.XStest$Person.number to java.lang.String
class               : si.ptb.fastconverter.XStest$Person
required-type       : si.ptb.fastconverter.XStest$Person
path                : /person/number
line number         : 1
-------------------------------">
      <![CDATA[com.thoughtworks.xstream.converters.ConversionException: Can not set int field si.ptb.fastconverter.XStest$Person.number to java.lang.String
---- Debugging information ----
message             : Can not set int field si.ptb.fastconverter.XStest$Person.number to java.lang.String
cause-exception     : java.lang.IllegalArgumentException
cause-message       : Can not set int field si.ptb.fastconverter.XStest$Person.number to java.lang.String
class               : si.ptb.fastconverter.XStest$Person
required-type       : si.ptb.fastconverter.XStest$Person
path                : /person/number
line number         : 1
-------------------------------
	at com.thoughtworks.xstream.core.TreeUnmarshaller.convert(TreeUnmarshaller.java:63)
	at com.thoughtworks.xstream.core.AbstractReferenceUnmarshaller.convert(AbstractReferenceUnmarshaller.java:45)
	at com.thoughtworks.xstream.core.TreeUnmarshaller.convertAnother(TreeUnmarshaller.java:46)
	at com.thoughtworks.xstream.core.TreeUnmarshaller.start(TreeUnmarshaller.java:117)
	at com.thoughtworks.xstream.core.ReferenceByXPathMarshallingStrategy.unmarshal(ReferenceByXPathMarshallingStrategy.java:29)
	at com.thoughtworks.xstream.XStream.unmarshal(XStream.java:846)
	at com.thoughtworks.xstream.XStream.unmarshal(XStream.java:833)
	at com.thoughtworks.xstream.XStream.fromXML(XStream.java:781)
	at com.thoughtworks.xstream.XStream.fromXML(XStream.java:773)
	at si.ptb.fastconverter.XStest.testPerson(XStest.java:64)
Caused by: java.lang.IllegalArgumentException: Can not set int field si.ptb.fastconverter.XStest$Person.number to java.lang.String
	at si.ptb.fastconverter.FieldMapper.set(FieldMapper.java:40)
	at si.ptb.fastconverter.FastClassConverter.unmarshal(FastClassConverter.java:102)
	at com.thoughtworks.xstream.core.TreeUnmarshaller.convert(TreeUnmarshaller.java:56)
	... 31 more
... Removed 26 stack frames]]>
    </failure>
  </testcase>
</testsuite>
